10:05:29.015 [main] INFO  c.c.p.ParkingOrderApplicationTests - [logStarting,55] - Starting ParkingOrderApplicationTests using Java 17.0.5 on tangweideMacBook-Pro.local with PID 61127 (started by tangwei in /Users/tangwei/javaProject/park_server/parking-order)
10:05:29.019 [main] INFO  c.c.p.ParkingOrderApplicationTests - [logStartupProfileInfo,686] - The following 1 profile is active: "dev"
10:05:33.371 [main] INFO  n.d.b.g.c.a.GrpcClientAutoConfiguration - [shadedNettyGrpcChannelFactory,158] - Detected grpc-netty-shaded: Creating ShadedNettyChannelFactory + InProcessChannelFactory
10:05:33.652 [main] INFO  c.c.p.u.NNOpenUtil - [initConfig,94] - 初始化诺诺发票开放平台配置
10:05:33.656 [main] INFO  c.c.p.u.NNOpenUtil - [initConfig,112] - 初始化诺诺发票开放平台配置完成
10:05:34.798 [main] INFO  n.d.b.g.s.a.GrpcServerFactoryAutoConfiguration - [shadedNettyGrpcServerFactory,74] - Detected grpc-netty-shaded: Creating ShadedNettyGrpcServerFactory
10:05:34.887 [main] INFO  n.d.b.g.s.a.GrpcServerFactoryAutoConfiguration - [inProcessGrpcServerFactory,158] - 'grpc.server.in-process-name' is set: Creating InProcessGrpcServerFactory
10:05:37.026 [main] INFO  n.d.b.g.s.s.AbstractGrpcServerFactory - [configureServices,108] - Registered gRPC service: com.czdx.grpc.lib.order.MerchantOrderService, bean: merchantOrderService, class: com.czdx.parkingorder.service.MerchantOrderService
10:05:37.026 [main] INFO  n.d.b.g.s.s.AbstractGrpcServerFactory - [configureServices,108] - Registered gRPC service: com.czdx.grpc.lib.order.MonthlyOrderService, bean: monthlyOrderService, class: com.czdx.parkingorder.service.MonthlyOrderService
10:05:37.026 [main] INFO  n.d.b.g.s.s.AbstractGrpcServerFactory - [configureServices,108] - Registered gRPC service: com.czdx.grpc.lib.order.ParkingOrderService, bean: parkingOrderService, class: com.czdx.parkingorder.service.ParkingOrderService
10:05:37.027 [main] INFO  n.d.b.g.s.s.AbstractGrpcServerFactory - [configureServices,108] - Registered gRPC service: com.czdx.grpc.lib.school.StudentService, bean: testProvideGrpcServiceImpl, class: com.czdx.parkingorder.service.TestProvideGrpcServiceImpl
10:05:37.027 [main] INFO  n.d.b.g.s.s.AbstractGrpcServerFactory - [configureServices,108] - Registered gRPC service: grpc.health.v1.Health, bean: grpcHealthService, class: io.grpc.protobuf.services.HealthServiceImpl
10:05:37.027 [main] INFO  n.d.b.g.s.s.AbstractGrpcServerFactory - [configureServices,108] - Registered gRPC service: grpc.reflection.v1alpha.ServerReflection, bean: protoReflectionService, class: io.grpc.protobuf.services.ProtoReflectionService
10:05:37.115 [main] INFO  n.d.b.g.s.s.GrpcServerLifecycle - [createAndStartGrpcServer,116] - gRPC Server started, listening on address: *, port: 9088
10:05:37.118 [main] INFO  n.d.b.g.s.s.AbstractGrpcServerFactory - [configureServices,108] - Registered gRPC service: com.czdx.grpc.lib.order.MerchantOrderService, bean: merchantOrderService, class: com.czdx.parkingorder.service.MerchantOrderService
10:05:37.118 [main] INFO  n.d.b.g.s.s.AbstractGrpcServerFactory - [configureServices,108] - Registered gRPC service: com.czdx.grpc.lib.order.MonthlyOrderService, bean: monthlyOrderService, class: com.czdx.parkingorder.service.MonthlyOrderService
10:05:37.119 [main] INFO  n.d.b.g.s.s.AbstractGrpcServerFactory - [configureServices,108] - Registered gRPC service: com.czdx.grpc.lib.order.ParkingOrderService, bean: parkingOrderService, class: com.czdx.parkingorder.service.ParkingOrderService
10:05:37.119 [main] INFO  n.d.b.g.s.s.AbstractGrpcServerFactory - [configureServices,108] - Registered gRPC service: com.czdx.grpc.lib.school.StudentService, bean: testProvideGrpcServiceImpl, class: com.czdx.parkingorder.service.TestProvideGrpcServiceImpl
10:05:37.119 [main] INFO  n.d.b.g.s.s.AbstractGrpcServerFactory - [configureServices,108] - Registered gRPC service: grpc.health.v1.Health, bean: grpcHealthService, class: io.grpc.protobuf.services.HealthServiceImpl
10:05:37.119 [main] INFO  n.d.b.g.s.s.AbstractGrpcServerFactory - [configureServices,108] - Registered gRPC service: grpc.reflection.v1alpha.ServerReflection, bean: protoReflectionService, class: io.grpc.protobuf.services.ProtoReflectionService
10:05:37.120 [main] INFO  n.d.b.g.s.s.GrpcServerLifecycle - [createAndStartGrpcServer,116] - gRPC Server started, listening on address: in-process:parking-order-server, port: -1
10:05:37.140 [main] INFO  c.c.p.ParkingOrderApplicationTests - [logStarted,61] - Started ParkingOrderApplicationTests in 8.678 seconds (JVM running for 9.834)
10:05:41.548 [grpc-default-executor-0] INFO  c.a.d.p.DruidDataSource - [init,985] - {dataSource-1} inited
10:05:41.726 [grpc-default-executor-0] INFO  c.c.p.s.ParkingOrderService - [getOneParkMultiOrder,135] - 获取到的订单为：[]
10:05:41.923 [SpringApplicationShutdownHook] INFO  n.d.b.g.s.s.GrpcServerLifecycle - [stopAndReleaseGrpcServer,160] - Completed gRPC server shutdown
10:05:41.924 [SpringApplicationShutdownHook] INFO  n.d.b.g.s.s.GrpcServerLifecycle - [stopAndReleaseGrpcServer,160] - Completed gRPC server shutdown
10:05:42.711 [SpringApplicationShutdownHook] INFO  c.a.d.p.DruidDataSource - [close,2105] - {dataSource-1} closing ...
10:05:42.718 [SpringApplicationShutdownHook] INFO  c.a.d.p.DruidDataSource - [close,2178] - {dataSource-1} closed
10:07:19.457 [main] INFO  c.c.p.ParkingOrderApplicationTests - [logStarting,55] - Starting ParkingOrderApplicationTests using Java 17.0.5 on tangweideMacBook-Pro.local with PID 61225 (started by tangwei in /Users/tangwei/javaProject/park_server/parking-order)
10:07:19.461 [main] INFO  c.c.p.ParkingOrderApplicationTests - [logStartupProfileInfo,686] - The following 1 profile is active: "dev"
10:07:22.215 [main] INFO  c.a.d.p.DruidDataSource - [close,2105] - {dataSource-0} closing ...
10:10:45.115 [main] INFO  c.c.p.ParkingOrderApplicationTests - [logStarting,55] - Starting ParkingOrderApplicationTests using Java 17.0.5 on tangweideMacBook-Pro.local with PID 61400 (started by tangwei in /Users/tangwei/javaProject/park_server/parking-order)
10:10:45.118 [main] INFO  c.c.p.ParkingOrderApplicationTests - [logStartupProfileInfo,686] - The following 1 profile is active: "dev"
10:10:49.287 [main] INFO  n.d.b.g.c.a.GrpcClientAutoConfiguration - [shadedNettyGrpcChannelFactory,158] - Detected grpc-netty-shaded: Creating ShadedNettyChannelFactory + InProcessChannelFactory
10:10:49.532 [main] INFO  c.c.p.u.NNOpenUtil - [initConfig,94] - 初始化诺诺发票开放平台配置
10:10:49.536 [main] INFO  c.c.p.u.NNOpenUtil - [initConfig,112] - 初始化诺诺发票开放平台配置完成
10:10:50.624 [main] INFO  n.d.b.g.s.a.GrpcServerFactoryAutoConfiguration - [shadedNettyGrpcServerFactory,74] - Detected grpc-netty-shaded: Creating ShadedNettyGrpcServerFactory
10:10:50.708 [main] INFO  n.d.b.g.s.a.GrpcServerFactoryAutoConfiguration - [inProcessGrpcServerFactory,158] - 'grpc.server.in-process-name' is set: Creating InProcessGrpcServerFactory
10:10:52.739 [main] INFO  n.d.b.g.s.s.AbstractGrpcServerFactory - [configureServices,108] - Registered gRPC service: com.czdx.grpc.lib.order.MerchantOrderService, bean: merchantOrderService, class: com.czdx.parkingorder.service.MerchantOrderService
10:10:52.740 [main] INFO  n.d.b.g.s.s.AbstractGrpcServerFactory - [configureServices,108] - Registered gRPC service: com.czdx.grpc.lib.order.MonthlyOrderService, bean: monthlyOrderService, class: com.czdx.parkingorder.service.MonthlyOrderService
10:10:52.740 [main] INFO  n.d.b.g.s.s.AbstractGrpcServerFactory - [configureServices,108] - Registered gRPC service: com.czdx.grpc.lib.order.ParkingOrderService, bean: parkingOrderService, class: com.czdx.parkingorder.service.ParkingOrderService
10:10:52.740 [main] INFO  n.d.b.g.s.s.AbstractGrpcServerFactory - [configureServices,108] - Registered gRPC service: com.czdx.grpc.lib.school.StudentService, bean: testProvideGrpcServiceImpl, class: com.czdx.parkingorder.service.TestProvideGrpcServiceImpl
10:10:52.740 [main] INFO  n.d.b.g.s.s.AbstractGrpcServerFactory - [configureServices,108] - Registered gRPC service: grpc.health.v1.Health, bean: grpcHealthService, class: io.grpc.protobuf.services.HealthServiceImpl
10:10:52.741 [main] INFO  n.d.b.g.s.s.AbstractGrpcServerFactory - [configureServices,108] - Registered gRPC service: grpc.reflection.v1alpha.ServerReflection, bean: protoReflectionService, class: io.grpc.protobuf.services.ProtoReflectionService
10:10:52.833 [main] INFO  n.d.b.g.s.s.GrpcServerLifecycle - [createAndStartGrpcServer,116] - gRPC Server started, listening on address: *, port: 9088
10:10:52.834 [main] INFO  n.d.b.g.s.s.AbstractGrpcServerFactory - [configureServices,108] - Registered gRPC service: com.czdx.grpc.lib.order.MerchantOrderService, bean: merchantOrderService, class: com.czdx.parkingorder.service.MerchantOrderService
10:10:52.835 [main] INFO  n.d.b.g.s.s.AbstractGrpcServerFactory - [configureServices,108] - Registered gRPC service: com.czdx.grpc.lib.order.MonthlyOrderService, bean: monthlyOrderService, class: com.czdx.parkingorder.service.MonthlyOrderService
10:10:52.835 [main] INFO  n.d.b.g.s.s.AbstractGrpcServerFactory - [configureServices,108] - Registered gRPC service: com.czdx.grpc.lib.order.ParkingOrderService, bean: parkingOrderService, class: com.czdx.parkingorder.service.ParkingOrderService
10:10:52.835 [main] INFO  n.d.b.g.s.s.AbstractGrpcServerFactory - [configureServices,108] - Registered gRPC service: com.czdx.grpc.lib.school.StudentService, bean: testProvideGrpcServiceImpl, class: com.czdx.parkingorder.service.TestProvideGrpcServiceImpl
10:10:52.835 [main] INFO  n.d.b.g.s.s.AbstractGrpcServerFactory - [configureServices,108] - Registered gRPC service: grpc.health.v1.Health, bean: grpcHealthService, class: io.grpc.protobuf.services.HealthServiceImpl
10:10:52.835 [main] INFO  n.d.b.g.s.s.AbstractGrpcServerFactory - [configureServices,108] - Registered gRPC service: grpc.reflection.v1alpha.ServerReflection, bean: protoReflectionService, class: io.grpc.protobuf.services.ProtoReflectionService
10:10:52.837 [main] INFO  n.d.b.g.s.s.GrpcServerLifecycle - [createAndStartGrpcServer,116] - gRPC Server started, listening on address: in-process:parking-order-server, port: -1
10:10:52.860 [main] INFO  c.c.p.ParkingOrderApplicationTests - [logStarted,61] - Started ParkingOrderApplicationTests in 8.343 seconds (JVM running for 9.465)
10:10:55.740 [grpc-default-executor-0] INFO  c.a.d.p.DruidDataSource - [init,985] - {dataSource-1} inited
10:10:55.939 [grpc-default-executor-0] INFO  c.c.p.s.ParkingOrderService - [getOneParkMultiOrder,135] - 获取到的订单为：[{"billOutTardeNo":"","carNumber":"苏T1231","carTypeCode":"XXL","coupons":"1_zzzz,","createTime":"2023-04-25 09:27:50","discountAmount":10.00,"discountReason":"优惠券优惠","entryTime":"2023-02-23 08:00:00","expireTime":"2023-04-25 09:42:50","id":551,"orderNo":"PL1100352460251467776","orderParam":"","orderStatus":"03","orderType":"1","paidAmount":0.00,"parkNo":"p20230221113000","passageNo":"TD004","payAmount":0.00,"payMethod":"1","payNumber":"","payStatus":"3","payTime":"2023-04-25 09:27:50","payableAmount":0.00,"remark":"","updateTime":"2023-04-25 09:27:50"},{"billOutTardeNo":"","carNumber":"苏T1231","carTypeCode":"XXL","coupons":"","createTime":"2023-04-27 08:59:44","discountAmount":0.00,"entryTime":"2023-02-23 08:00:00","expireTime":"2023-04-27 09:14:44","id":552,"orderNo":"PL1101070165522780160","orderParam":"","orderStatus":"03","orderType":"1","paidAmount":0.00,"parkNo":"p20230221113000","passageNo":"TD004","payAmount":0.00,"payMethod":"1","payNumber":"","payStatus":"3","payableAmount":0.00,"remark":"","updateTime":"2023-04-27 08:59:44"}]
10:10:56.040 [SpringApplicationShutdownHook] INFO  n.d.b.g.s.s.GrpcServerLifecycle - [stopAndReleaseGrpcServer,160] - Completed gRPC server shutdown
10:10:56.041 [SpringApplicationShutdownHook] INFO  n.d.b.g.s.s.GrpcServerLifecycle - [stopAndReleaseGrpcServer,160] - Completed gRPC server shutdown
10:10:56.770 [SpringApplicationShutdownHook] INFO  c.a.d.p.DruidDataSource - [close,2105] - {dataSource-1} closing ...
10:10:56.776 [SpringApplicationShutdownHook] INFO  c.a.d.p.DruidDataSource - [close,2178] - {dataSource-1} closed
10:12:37.287 [main] INFO  c.c.p.ParkingOrderApplicationTests - [logStarting,55] - Starting ParkingOrderApplicationTests using Java 17.0.5 on tangweideMacBook-Pro.local with PID 61494 (started by tangwei in /Users/tangwei/javaProject/park_server/parking-order)
10:12:37.292 [main] INFO  c.c.p.ParkingOrderApplicationTests - [logStartupProfileInfo,686] - The following 1 profile is active: "dev"
10:12:41.334 [main] INFO  n.d.b.g.c.a.GrpcClientAutoConfiguration - [shadedNettyGrpcChannelFactory,158] - Detected grpc-netty-shaded: Creating ShadedNettyChannelFactory + InProcessChannelFactory
10:12:41.581 [main] INFO  c.c.p.u.NNOpenUtil - [initConfig,94] - 初始化诺诺发票开放平台配置
10:12:41.585 [main] INFO  c.c.p.u.NNOpenUtil - [initConfig,112] - 初始化诺诺发票开放平台配置完成
10:12:42.675 [main] INFO  n.d.b.g.s.a.GrpcServerFactoryAutoConfiguration - [shadedNettyGrpcServerFactory,74] - Detected grpc-netty-shaded: Creating ShadedNettyGrpcServerFactory
10:12:42.760 [main] INFO  n.d.b.g.s.a.GrpcServerFactoryAutoConfiguration - [inProcessGrpcServerFactory,158] - 'grpc.server.in-process-name' is set: Creating InProcessGrpcServerFactory
10:12:44.137 [main] INFO  n.d.b.g.s.s.AbstractGrpcServerFactory - [configureServices,108] - Registered gRPC service: com.czdx.grpc.lib.order.MerchantOrderService, bean: merchantOrderService, class: com.czdx.parkingorder.service.MerchantOrderService
10:12:44.137 [main] INFO  n.d.b.g.s.s.AbstractGrpcServerFactory - [configureServices,108] - Registered gRPC service: com.czdx.grpc.lib.order.MonthlyOrderService, bean: monthlyOrderService, class: com.czdx.parkingorder.service.MonthlyOrderService
10:12:44.137 [main] INFO  n.d.b.g.s.s.AbstractGrpcServerFactory - [configureServices,108] - Registered gRPC service: com.czdx.grpc.lib.order.ParkingOrderService, bean: parkingOrderService, class: com.czdx.parkingorder.service.ParkingOrderService
10:12:44.137 [main] INFO  n.d.b.g.s.s.AbstractGrpcServerFactory - [configureServices,108] - Registered gRPC service: com.czdx.grpc.lib.school.StudentService, bean: testProvideGrpcServiceImpl, class: com.czdx.parkingorder.service.TestProvideGrpcServiceImpl
10:12:44.138 [main] INFO  n.d.b.g.s.s.AbstractGrpcServerFactory - [configureServices,108] - Registered gRPC service: grpc.health.v1.Health, bean: grpcHealthService, class: io.grpc.protobuf.services.HealthServiceImpl
10:12:44.138 [main] INFO  n.d.b.g.s.s.AbstractGrpcServerFactory - [configureServices,108] - Registered gRPC service: grpc.reflection.v1alpha.ServerReflection, bean: protoReflectionService, class: io.grpc.protobuf.services.ProtoReflectionService
10:12:44.213 [main] INFO  n.d.b.g.s.s.GrpcServerLifecycle - [createAndStartGrpcServer,116] - gRPC Server started, listening on address: *, port: 9088
10:12:44.215 [main] INFO  n.d.b.g.s.s.AbstractGrpcServerFactory - [configureServices,108] - Registered gRPC service: com.czdx.grpc.lib.order.MerchantOrderService, bean: merchantOrderService, class: com.czdx.parkingorder.service.MerchantOrderService
10:12:44.215 [main] INFO  n.d.b.g.s.s.AbstractGrpcServerFactory - [configureServices,108] - Registered gRPC service: com.czdx.grpc.lib.order.MonthlyOrderService, bean: monthlyOrderService, class: com.czdx.parkingorder.service.MonthlyOrderService
10:12:44.215 [main] INFO  n.d.b.g.s.s.AbstractGrpcServerFactory - [configureServices,108] - Registered gRPC service: com.czdx.grpc.lib.order.ParkingOrderService, bean: parkingOrderService, class: com.czdx.parkingorder.service.ParkingOrderService
10:12:44.215 [main] INFO  n.d.b.g.s.s.AbstractGrpcServerFactory - [configureServices,108] - Registered gRPC service: com.czdx.grpc.lib.school.StudentService, bean: testProvideGrpcServiceImpl, class: com.czdx.parkingorder.service.TestProvideGrpcServiceImpl
10:12:44.215 [main] INFO  n.d.b.g.s.s.AbstractGrpcServerFactory - [configureServices,108] - Registered gRPC service: grpc.health.v1.Health, bean: grpcHealthService, class: io.grpc.protobuf.services.HealthServiceImpl
10:12:44.216 [main] INFO  n.d.b.g.s.s.AbstractGrpcServerFactory - [configureServices,108] - Registered gRPC service: grpc.reflection.v1alpha.ServerReflection, bean: protoReflectionService, class: io.grpc.protobuf.services.ProtoReflectionService
10:12:44.217 [main] INFO  n.d.b.g.s.s.GrpcServerLifecycle - [createAndStartGrpcServer,116] - gRPC Server started, listening on address: in-process:parking-order-server, port: -1
10:12:44.235 [main] INFO  c.c.p.ParkingOrderApplicationTests - [logStarted,61] - Started ParkingOrderApplicationTests in 7.301 seconds (JVM running for 8.371)
10:12:46.616 [grpc-default-executor-0] INFO  c.a.d.p.DruidDataSource - [init,985] - {dataSource-1} inited
10:12:46.828 [grpc-default-executor-0] INFO  c.c.p.s.ParkingOrderService - [getOneParkMultiOrder,135] - 获取到的订单为：[{"billOutTardeNo":"","carNumber":"苏T1231","carTypeCode":"XXL","coupons":"1_zzzz,","createTime":"2023-04-25 09:27:50","discountAmount":10.00,"discountReason":"优惠券优惠","entryTime":"2023-02-23 08:00:00","expireTime":"2023-04-25 09:42:50","id":551,"orderNo":"PL1100352460251467776","orderParam":"","orderStatus":"03","orderType":"1","paidAmount":0.00,"parkNo":"p20230221113000","passageNo":"TD004","payAmount":0.00,"payMethod":"1","payNumber":"","payStatus":"3","payTime":"2023-04-25 09:27:50","payableAmount":0.00,"remark":"","updateTime":"2023-04-25 09:27:50"},{"billOutTardeNo":"","carNumber":"苏T1231","carTypeCode":"XXL","coupons":"","createTime":"2023-04-27 08:59:44","discountAmount":0.00,"entryTime":"2023-02-23 08:00:00","expireTime":"2023-04-27 09:14:44","id":552,"orderNo":"PL1101070165522780160","orderParam":"","orderStatus":"03","orderType":"1","paidAmount":0.00,"parkNo":"p20230221113000","passageNo":"TD004","payAmount":0.00,"payMethod":"1","payNumber":"","payStatus":"3","payTime":"2023-04-25 09:27:50","payableAmount":0.00,"remark":"","updateTime":"2023-04-27 08:59:44"}]
10:12:46.985 [SpringApplicationShutdownHook] INFO  n.d.b.g.s.s.GrpcServerLifecycle - [stopAndReleaseGrpcServer,160] - Completed gRPC server shutdown
10:12:46.986 [SpringApplicationShutdownHook] INFO  n.d.b.g.s.s.GrpcServerLifecycle - [stopAndReleaseGrpcServer,160] - Completed gRPC server shutdown
10:12:47.173 [SpringApplicationShutdownHook] INFO  c.a.d.p.DruidDataSource - [close,2105] - {dataSource-1} closing ...
10:12:47.179 [SpringApplicationShutdownHook] INFO  c.a.d.p.DruidDataSource - [close,2178] - {dataSource-1} closed
10:15:52.261 [main] INFO  c.c.p.ParkingOrderApplicationTests - [logStarting,55] - Starting ParkingOrderApplicationTests using Java 17.0.5 on tangweideMacBook-Pro.local with PID 61675 (started by tangwei in /Users/tangwei/javaProject/park_server/parking-order)
10:15:52.265 [main] INFO  c.c.p.ParkingOrderApplicationTests - [logStartupProfileInfo,686] - The following 1 profile is active: "dev"
10:15:57.137 [main] INFO  n.d.b.g.c.a.GrpcClientAutoConfiguration - [shadedNettyGrpcChannelFactory,158] - Detected grpc-netty-shaded: Creating ShadedNettyChannelFactory + InProcessChannelFactory
10:15:57.419 [main] INFO  c.c.p.u.NNOpenUtil - [initConfig,94] - 初始化诺诺发票开放平台配置
10:15:57.425 [main] INFO  c.c.p.u.NNOpenUtil - [initConfig,112] - 初始化诺诺发票开放平台配置完成
10:15:58.641 [main] INFO  n.d.b.g.s.a.GrpcServerFactoryAutoConfiguration - [shadedNettyGrpcServerFactory,74] - Detected grpc-netty-shaded: Creating ShadedNettyGrpcServerFactory
10:15:58.739 [main] INFO  n.d.b.g.s.a.GrpcServerFactoryAutoConfiguration - [inProcessGrpcServerFactory,158] - 'grpc.server.in-process-name' is set: Creating InProcessGrpcServerFactory
10:16:00.152 [main] INFO  n.d.b.g.s.s.AbstractGrpcServerFactory - [configureServices,108] - Registered gRPC service: com.czdx.grpc.lib.order.MerchantOrderService, bean: merchantOrderService, class: com.czdx.parkingorder.service.MerchantOrderService
10:16:00.153 [main] INFO  n.d.b.g.s.s.AbstractGrpcServerFactory - [configureServices,108] - Registered gRPC service: com.czdx.grpc.lib.order.MonthlyOrderService, bean: monthlyOrderService, class: com.czdx.parkingorder.service.MonthlyOrderService
10:16:00.153 [main] INFO  n.d.b.g.s.s.AbstractGrpcServerFactory - [configureServices,108] - Registered gRPC service: com.czdx.grpc.lib.order.ParkingOrderService, bean: parkingOrderService, class: com.czdx.parkingorder.service.ParkingOrderService
10:16:00.153 [main] INFO  n.d.b.g.s.s.AbstractGrpcServerFactory - [configureServices,108] - Registered gRPC service: com.czdx.grpc.lib.school.StudentService, bean: testProvideGrpcServiceImpl, class: com.czdx.parkingorder.service.TestProvideGrpcServiceImpl
10:16:00.153 [main] INFO  n.d.b.g.s.s.AbstractGrpcServerFactory - [configureServices,108] - Registered gRPC service: grpc.health.v1.Health, bean: grpcHealthService, class: io.grpc.protobuf.services.HealthServiceImpl
10:16:00.153 [main] INFO  n.d.b.g.s.s.AbstractGrpcServerFactory - [configureServices,108] - Registered gRPC service: grpc.reflection.v1alpha.ServerReflection, bean: protoReflectionService, class: io.grpc.protobuf.services.ProtoReflectionService
10:16:00.228 [main] INFO  n.d.b.g.s.s.GrpcServerLifecycle - [createAndStartGrpcServer,116] - gRPC Server started, listening on address: *, port: 9088
10:16:00.230 [main] INFO  n.d.b.g.s.s.AbstractGrpcServerFactory - [configureServices,108] - Registered gRPC service: com.czdx.grpc.lib.order.MerchantOrderService, bean: merchantOrderService, class: com.czdx.parkingorder.service.MerchantOrderService
10:16:00.230 [main] INFO  n.d.b.g.s.s.AbstractGrpcServerFactory - [configureServices,108] - Registered gRPC service: com.czdx.grpc.lib.order.MonthlyOrderService, bean: monthlyOrderService, class: com.czdx.parkingorder.service.MonthlyOrderService
10:16:00.230 [main] INFO  n.d.b.g.s.s.AbstractGrpcServerFactory - [configureServices,108] - Registered gRPC service: com.czdx.grpc.lib.order.ParkingOrderService, bean: parkingOrderService, class: com.czdx.parkingorder.service.ParkingOrderService
10:16:00.230 [main] INFO  n.d.b.g.s.s.AbstractGrpcServerFactory - [configureServices,108] - Registered gRPC service: com.czdx.grpc.lib.school.StudentService, bean: testProvideGrpcServiceImpl, class: com.czdx.parkingorder.service.TestProvideGrpcServiceImpl
10:16:00.230 [main] INFO  n.d.b.g.s.s.AbstractGrpcServerFactory - [configureServices,108] - Registered gRPC service: grpc.health.v1.Health, bean: grpcHealthService, class: io.grpc.protobuf.services.HealthServiceImpl
10:16:00.231 [main] INFO  n.d.b.g.s.s.AbstractGrpcServerFactory - [configureServices,108] - Registered gRPC service: grpc.reflection.v1alpha.ServerReflection, bean: protoReflectionService, class: io.grpc.protobuf.services.ProtoReflectionService
10:16:00.232 [main] INFO  n.d.b.g.s.s.GrpcServerLifecycle - [createAndStartGrpcServer,116] - gRPC Server started, listening on address: in-process:parking-order-server, port: -1
10:16:00.251 [main] INFO  c.c.p.ParkingOrderApplicationTests - [logStarted,61] - Started ParkingOrderApplicationTests in 8.369 seconds (JVM running for 9.865)
10:16:02.606 [grpc-default-executor-0] INFO  c.a.d.p.DruidDataSource - [init,985] - {dataSource-1} inited
10:16:02.826 [grpc-default-executor-0] INFO  c.c.p.s.ParkingOrderService - [getOneParkMultiOrder,135] - 获取到的订单为：[{"billOutTardeNo":"","carNumber":"苏T1231","carTypeCode":"XXL","coupons":"1_zzzz,","createTime":"2023-04-25 09:27:50","discountAmount":10.00,"discountReason":"优惠券优惠","entryTime":"2023-02-23 08:00:00","expireTime":"2023-04-25 09:42:50","id":551,"orderNo":"PL1100352460251467776","orderParam":"","orderStatus":"03","orderType":"1","paidAmount":0.00,"parkNo":"p20230221113000","passageNo":"TD004","payAmount":0.00,"payMethod":"1","payNumber":"","payStatus":"3","payTime":"2023-04-25 09:27:50","payableAmount":0.00,"remark":"","updateTime":"2023-04-25 09:27:50"},{"billOutTardeNo":"","carNumber":"苏T1231","carTypeCode":"XXL","coupons":"","createTime":"2023-04-27 08:59:44","discountAmount":0.00,"entryTime":"2023-02-23 08:00:00","expireTime":"2023-04-27 09:14:44","id":552,"orderNo":"PL1101070165522780160","orderParam":"","orderStatus":"03","orderType":"1","paidAmount":0.00,"parkNo":"p20230221113000","passageNo":"TD004","payAmount":0.00,"payMethod":"1","payNumber":"","payStatus":"3","payTime":"2023-04-25 09:27:50","payableAmount":0.00,"remark":"","updateTime":"2023-04-27 08:59:44"}]
10:16:02.999 [SpringApplicationShutdownHook] INFO  n.d.b.g.s.s.GrpcServerLifecycle - [stopAndReleaseGrpcServer,160] - Completed gRPC server shutdown
10:16:02.999 [SpringApplicationShutdownHook] INFO  n.d.b.g.s.s.GrpcServerLifecycle - [stopAndReleaseGrpcServer,160] - Completed gRPC server shutdown
10:16:03.174 [SpringApplicationShutdownHook] INFO  c.a.d.p.DruidDataSource - [close,2105] - {dataSource-1} closing ...
10:16:03.181 [SpringApplicationShutdownHook] INFO  c.a.d.p.DruidDataSource - [close,2178] - {dataSource-1} closed
10:16:32.230 [main] INFO  c.c.p.ParkingOrderApplicationTests - [logStarting,55] - Starting ParkingOrderApplicationTests using Java 17.0.5 on tangweideMacBook-Pro.local with PID 61712 (started by tangwei in /Users/tangwei/javaProject/park_server/parking-order)
10:16:32.233 [main] INFO  c.c.p.ParkingOrderApplicationTests - [logStartupProfileInfo,686] - The following 1 profile is active: "dev"
10:16:36.402 [main] INFO  n.d.b.g.c.a.GrpcClientAutoConfiguration - [shadedNettyGrpcChannelFactory,158] - Detected grpc-netty-shaded: Creating ShadedNettyChannelFactory + InProcessChannelFactory
10:16:36.658 [main] INFO  c.c.p.u.NNOpenUtil - [initConfig,94] - 初始化诺诺发票开放平台配置
10:16:36.662 [main] INFO  c.c.p.u.NNOpenUtil - [initConfig,112] - 初始化诺诺发票开放平台配置完成
10:16:37.764 [main] INFO  n.d.b.g.s.a.GrpcServerFactoryAutoConfiguration - [shadedNettyGrpcServerFactory,74] - Detected grpc-netty-shaded: Creating ShadedNettyGrpcServerFactory
10:16:37.850 [main] INFO  n.d.b.g.s.a.GrpcServerFactoryAutoConfiguration - [inProcessGrpcServerFactory,158] - 'grpc.server.in-process-name' is set: Creating InProcessGrpcServerFactory
10:16:39.114 [main] INFO  n.d.b.g.s.s.AbstractGrpcServerFactory - [configureServices,108] - Registered gRPC service: com.czdx.grpc.lib.order.MerchantOrderService, bean: merchantOrderService, class: com.czdx.parkingorder.service.MerchantOrderService
10:16:39.114 [main] INFO  n.d.b.g.s.s.AbstractGrpcServerFactory - [configureServices,108] - Registered gRPC service: com.czdx.grpc.lib.order.MonthlyOrderService, bean: monthlyOrderService, class: com.czdx.parkingorder.service.MonthlyOrderService
10:16:39.115 [main] INFO  n.d.b.g.s.s.AbstractGrpcServerFactory - [configureServices,108] - Registered gRPC service: com.czdx.grpc.lib.order.ParkingOrderService, bean: parkingOrderService, class: com.czdx.parkingorder.service.ParkingOrderService
10:16:39.115 [main] INFO  n.d.b.g.s.s.AbstractGrpcServerFactory - [configureServices,108] - Registered gRPC service: com.czdx.grpc.lib.school.StudentService, bean: testProvideGrpcServiceImpl, class: com.czdx.parkingorder.service.TestProvideGrpcServiceImpl
10:16:39.115 [main] INFO  n.d.b.g.s.s.AbstractGrpcServerFactory - [configureServices,108] - Registered gRPC service: grpc.health.v1.Health, bean: grpcHealthService, class: io.grpc.protobuf.services.HealthServiceImpl
10:16:39.116 [main] INFO  n.d.b.g.s.s.AbstractGrpcServerFactory - [configureServices,108] - Registered gRPC service: grpc.reflection.v1alpha.ServerReflection, bean: protoReflectionService, class: io.grpc.protobuf.services.ProtoReflectionService
10:16:39.210 [main] INFO  n.d.b.g.s.s.GrpcServerLifecycle - [createAndStartGrpcServer,116] - gRPC Server started, listening on address: *, port: 9088
10:16:39.214 [main] INFO  n.d.b.g.s.s.AbstractGrpcServerFactory - [configureServices,108] - Registered gRPC service: com.czdx.grpc.lib.order.MerchantOrderService, bean: merchantOrderService, class: com.czdx.parkingorder.service.MerchantOrderService
10:16:39.214 [main] INFO  n.d.b.g.s.s.AbstractGrpcServerFactory - [configureServices,108] - Registered gRPC service: com.czdx.grpc.lib.order.MonthlyOrderService, bean: monthlyOrderService, class: com.czdx.parkingorder.service.MonthlyOrderService
10:16:39.215 [main] INFO  n.d.b.g.s.s.AbstractGrpcServerFactory - [configureServices,108] - Registered gRPC service: com.czdx.grpc.lib.order.ParkingOrderService, bean: parkingOrderService, class: com.czdx.parkingorder.service.ParkingOrderService
10:16:39.215 [main] INFO  n.d.b.g.s.s.AbstractGrpcServerFactory - [configureServices,108] - Registered gRPC service: com.czdx.grpc.lib.school.StudentService, bean: testProvideGrpcServiceImpl, class: com.czdx.parkingorder.service.TestProvideGrpcServiceImpl
10:16:39.215 [main] INFO  n.d.b.g.s.s.AbstractGrpcServerFactory - [configureServices,108] - Registered gRPC service: grpc.health.v1.Health, bean: grpcHealthService, class: io.grpc.protobuf.services.HealthServiceImpl
10:16:39.215 [main] INFO  n.d.b.g.s.s.AbstractGrpcServerFactory - [configureServices,108] - Registered gRPC service: grpc.reflection.v1alpha.ServerReflection, bean: protoReflectionService, class: io.grpc.protobuf.services.ProtoReflectionService
10:16:39.217 [main] INFO  n.d.b.g.s.s.GrpcServerLifecycle - [createAndStartGrpcServer,116] - gRPC Server started, listening on address: in-process:parking-order-server, port: -1
10:16:39.248 [main] INFO  c.c.p.ParkingOrderApplicationTests - [logStarted,61] - Started ParkingOrderApplicationTests in 7.374 seconds (JVM running for 8.567)
10:16:41.496 [grpc-default-executor-0] INFO  c.a.d.p.DruidDataSource - [init,985] - {dataSource-1} inited
10:16:41.655 [grpc-default-executor-0] INFO  c.c.p.s.ParkingOrderService - [getOneParkMultiOrder,135] - 获取到的订单为：[]
10:16:41.809 [SpringApplicationShutdownHook] INFO  n.d.b.g.s.s.GrpcServerLifecycle - [stopAndReleaseGrpcServer,160] - Completed gRPC server shutdown
10:16:41.809 [SpringApplicationShutdownHook] INFO  n.d.b.g.s.s.GrpcServerLifecycle - [stopAndReleaseGrpcServer,160] - Completed gRPC server shutdown
10:16:42.131 [SpringApplicationShutdownHook] INFO  c.a.d.p.DruidDataSource - [close,2105] - {dataSource-1} closing ...
10:16:42.137 [SpringApplicationShutdownHook] INFO  c.a.d.p.DruidDataSource - [close,2178] - {dataSource-1} closed
10:21:13.461 [main] INFO  c.c.p.ParkingOrderApplicationTests - [logStarting,55] - Starting ParkingOrderApplicationTests using Java 17.0.5 on tangweideMacBook-Pro.local with PID 61940 (started by tangwei in /Users/tangwei/javaProject/park_server/parking-order)
10:21:13.465 [main] INFO  c.c.p.ParkingOrderApplicationTests - [logStartupProfileInfo,686] - The following 1 profile is active: "dev"
10:21:18.004 [main] INFO  n.d.b.g.c.a.GrpcClientAutoConfiguration - [shadedNettyGrpcChannelFactory,158] - Detected grpc-netty-shaded: Creating ShadedNettyChannelFactory + InProcessChannelFactory
10:21:18.270 [main] INFO  c.c.p.u.NNOpenUtil - [initConfig,94] - 初始化诺诺发票开放平台配置
10:21:18.273 [main] INFO  c.c.p.u.NNOpenUtil - [initConfig,112] - 初始化诺诺发票开放平台配置完成
10:21:19.372 [main] INFO  n.d.b.g.s.a.GrpcServerFactoryAutoConfiguration - [shadedNettyGrpcServerFactory,74] - Detected grpc-netty-shaded: Creating ShadedNettyGrpcServerFactory
10:21:19.459 [main] INFO  n.d.b.g.s.a.GrpcServerFactoryAutoConfiguration - [inProcessGrpcServerFactory,158] - 'grpc.server.in-process-name' is set: Creating InProcessGrpcServerFactory
10:21:20.756 [main] INFO  n.d.b.g.s.s.AbstractGrpcServerFactory - [configureServices,108] - Registered gRPC service: com.czdx.grpc.lib.order.MerchantOrderService, bean: merchantOrderService, class: com.czdx.parkingorder.service.MerchantOrderService
10:21:20.756 [main] INFO  n.d.b.g.s.s.AbstractGrpcServerFactory - [configureServices,108] - Registered gRPC service: com.czdx.grpc.lib.order.MonthlyOrderService, bean: monthlyOrderService, class: com.czdx.parkingorder.service.MonthlyOrderService
10:21:20.756 [main] INFO  n.d.b.g.s.s.AbstractGrpcServerFactory - [configureServices,108] - Registered gRPC service: com.czdx.grpc.lib.order.ParkingOrderService, bean: parkingOrderService, class: com.czdx.parkingorder.service.ParkingOrderService
10:21:20.756 [main] INFO  n.d.b.g.s.s.AbstractGrpcServerFactory - [configureServices,108] - Registered gRPC service: com.czdx.grpc.lib.school.StudentService, bean: testProvideGrpcServiceImpl, class: com.czdx.parkingorder.service.TestProvideGrpcServiceImpl
10:21:20.756 [main] INFO  n.d.b.g.s.s.AbstractGrpcServerFactory - [configureServices,108] - Registered gRPC service: grpc.health.v1.Health, bean: grpcHealthService, class: io.grpc.protobuf.services.HealthServiceImpl
10:21:20.757 [main] INFO  n.d.b.g.s.s.AbstractGrpcServerFactory - [configureServices,108] - Registered gRPC service: grpc.reflection.v1alpha.ServerReflection, bean: protoReflectionService, class: io.grpc.protobuf.services.ProtoReflectionService
10:21:20.862 [main] INFO  n.d.b.g.s.s.GrpcServerLifecycle - [createAndStartGrpcServer,116] - gRPC Server started, listening on address: *, port: 9088
10:21:20.864 [main] INFO  n.d.b.g.s.s.AbstractGrpcServerFactory - [configureServices,108] - Registered gRPC service: com.czdx.grpc.lib.order.MerchantOrderService, bean: merchantOrderService, class: com.czdx.parkingorder.service.MerchantOrderService
10:21:20.865 [main] INFO  n.d.b.g.s.s.AbstractGrpcServerFactory - [configureServices,108] - Registered gRPC service: com.czdx.grpc.lib.order.MonthlyOrderService, bean: monthlyOrderService, class: com.czdx.parkingorder.service.MonthlyOrderService
10:21:20.865 [main] INFO  n.d.b.g.s.s.AbstractGrpcServerFactory - [configureServices,108] - Registered gRPC service: com.czdx.grpc.lib.order.ParkingOrderService, bean: parkingOrderService, class: com.czdx.parkingorder.service.ParkingOrderService
10:21:20.865 [main] INFO  n.d.b.g.s.s.AbstractGrpcServerFactory - [configureServices,108] - Registered gRPC service: com.czdx.grpc.lib.school.StudentService, bean: testProvideGrpcServiceImpl, class: com.czdx.parkingorder.service.TestProvideGrpcServiceImpl
10:21:20.865 [main] INFO  n.d.b.g.s.s.AbstractGrpcServerFactory - [configureServices,108] - Registered gRPC service: grpc.health.v1.Health, bean: grpcHealthService, class: io.grpc.protobuf.services.HealthServiceImpl
10:21:20.865 [main] INFO  n.d.b.g.s.s.AbstractGrpcServerFactory - [configureServices,108] - Registered gRPC service: grpc.reflection.v1alpha.ServerReflection, bean: protoReflectionService, class: io.grpc.protobuf.services.ProtoReflectionService
10:21:20.867 [main] INFO  n.d.b.g.s.s.GrpcServerLifecycle - [createAndStartGrpcServer,116] - gRPC Server started, listening on address: in-process:parking-order-server, port: -1
10:21:20.896 [main] INFO  c.c.p.ParkingOrderApplicationTests - [logStarted,61] - Started ParkingOrderApplicationTests in 8.123 seconds (JVM running for 9.329)
10:21:23.068 [grpc-default-executor-0] INFO  c.a.d.p.DruidDataSource - [init,985] - {dataSource-1} inited
10:21:23.254 [grpc-default-executor-0] INFO  c.c.p.s.ParkingOrderService - [getOneParkMultiOrder,135] - 获取到的订单为：[{"billOutTardeNo":"","carNumber":"苏T1231","carTypeCode":"XXL","coupons":"1_zzzz,","createTime":"2023-04-25 09:27:50","discountAmount":10.00,"discountReason":"优惠券优惠","entryTime":"2023-02-23 08:00:00","expireTime":"2023-04-25 09:42:50","id":551,"orderNo":"PL1100352460251467776","orderParam":"","orderStatus":"03","orderType":"1","paidAmount":0.00,"parkNo":"p20230221113000","passageNo":"TD004","payAmount":0.00,"payMethod":"1","payNumber":"","payStatus":"3","payTime":"2023-04-25 09:27:50","payableAmount":0.00,"remark":"","updateTime":"2023-04-25 09:27:50"},{"billOutTardeNo":"","carNumber":"苏T1231","carTypeCode":"XXL","coupons":"","createTime":"2023-04-27 08:59:44","discountAmount":0.00,"entryTime":"2023-02-23 08:00:00","expireTime":"2023-04-27 09:14:44","id":552,"orderNo":"PL1101070165522780160","orderParam":"","orderStatus":"03","orderType":"1","paidAmount":0.00,"parkNo":"p20230221113000","passageNo":"TD004","payAmount":0.00,"payMethod":"1","payNumber":"","payStatus":"3","payTime":"2023-04-25 09:27:50","payableAmount":0.00,"remark":"","updateTime":"2023-04-27 08:59:44"}]
10:21:23.396 [SpringApplicationShutdownHook] INFO  n.d.b.g.s.s.GrpcServerLifecycle - [stopAndReleaseGrpcServer,160] - Completed gRPC server shutdown
10:21:23.397 [SpringApplicationShutdownHook] INFO  n.d.b.g.s.s.GrpcServerLifecycle - [stopAndReleaseGrpcServer,160] - Completed gRPC server shutdown
10:21:23.775 [SpringApplicationShutdownHook] INFO  c.a.d.p.DruidDataSource - [close,2105] - {dataSource-1} closing ...
10:21:23.781 [SpringApplicationShutdownHook] INFO  c.a.d.p.DruidDataSource - [close,2178] - {dataSource-1} closed
16:55:54.350 [main] INFO  c.c.p.ParkingOrderApplicationTests - [logStarting,55] - Starting ParkingOrderApplicationTests using Java 17.0.5 on tangweideMacBook-Pro.local with PID 82302 (started by tangwei in /Users/tangwei/javaProject/park_server/parking-order)
16:55:54.353 [main] INFO  c.c.p.ParkingOrderApplicationTests - [logStartupProfileInfo,686] - The following 1 profile is active: "dev"
16:55:58.575 [main] INFO  n.d.b.g.c.a.GrpcClientAutoConfiguration - [shadedNettyGrpcChannelFactory,158] - Detected grpc-netty-shaded: Creating ShadedNettyChannelFactory + InProcessChannelFactory
16:55:58.818 [main] INFO  c.c.p.u.NNOpenUtil - [initConfig,94] - 初始化诺诺发票开放平台配置
16:55:58.821 [main] INFO  c.c.p.u.NNOpenUtil - [initConfig,112] - 初始化诺诺发票开放平台配置完成
16:55:59.932 [main] INFO  n.d.b.g.s.a.GrpcServerFactoryAutoConfiguration - [shadedNettyGrpcServerFactory,74] - Detected grpc-netty-shaded: Creating ShadedNettyGrpcServerFactory
16:56:00.027 [main] INFO  n.d.b.g.s.a.GrpcServerFactoryAutoConfiguration - [inProcessGrpcServerFactory,158] - 'grpc.server.in-process-name' is set: Creating InProcessGrpcServerFactory
16:56:01.359 [main] INFO  n.d.b.g.s.s.AbstractGrpcServerFactory - [configureServices,108] - Registered gRPC service: com.czdx.grpc.lib.order.MerchantOrderService, bean: merchantOrderService, class: com.czdx.parkingorder.service.MerchantOrderService
16:56:01.360 [main] INFO  n.d.b.g.s.s.AbstractGrpcServerFactory - [configureServices,108] - Registered gRPC service: com.czdx.grpc.lib.order.MonthlyOrderService, bean: monthlyOrderService, class: com.czdx.parkingorder.service.MonthlyOrderService
16:56:01.360 [main] INFO  n.d.b.g.s.s.AbstractGrpcServerFactory - [configureServices,108] - Registered gRPC service: com.czdx.grpc.lib.order.ParkingOrderService, bean: parkingOrderService, class: com.czdx.parkingorder.service.ParkingOrderService
16:56:01.360 [main] INFO  n.d.b.g.s.s.AbstractGrpcServerFactory - [configureServices,108] - Registered gRPC service: com.czdx.grpc.lib.school.StudentService, bean: testProvideGrpcServiceImpl, class: com.czdx.parkingorder.service.TestProvideGrpcServiceImpl
16:56:01.361 [main] INFO  n.d.b.g.s.s.AbstractGrpcServerFactory - [configureServices,108] - Registered gRPC service: grpc.health.v1.Health, bean: grpcHealthService, class: io.grpc.protobuf.services.HealthServiceImpl
16:56:01.361 [main] INFO  n.d.b.g.s.s.AbstractGrpcServerFactory - [configureServices,108] - Registered gRPC service: grpc.reflection.v1alpha.ServerReflection, bean: protoReflectionService, class: io.grpc.protobuf.services.ProtoReflectionService
16:56:01.444 [main] INFO  n.d.b.g.s.s.GrpcServerLifecycle - [createAndStartGrpcServer,116] - gRPC Server started, listening on address: *, port: 9088
16:56:01.446 [main] INFO  n.d.b.g.s.s.AbstractGrpcServerFactory - [configureServices,108] - Registered gRPC service: com.czdx.grpc.lib.order.MerchantOrderService, bean: merchantOrderService, class: com.czdx.parkingorder.service.MerchantOrderService
16:56:01.446 [main] INFO  n.d.b.g.s.s.AbstractGrpcServerFactory - [configureServices,108] - Registered gRPC service: com.czdx.grpc.lib.order.MonthlyOrderService, bean: monthlyOrderService, class: com.czdx.parkingorder.service.MonthlyOrderService
16:56:01.446 [main] INFO  n.d.b.g.s.s.AbstractGrpcServerFactory - [configureServices,108] - Registered gRPC service: com.czdx.grpc.lib.order.ParkingOrderService, bean: parkingOrderService, class: com.czdx.parkingorder.service.ParkingOrderService
16:56:01.446 [main] INFO  n.d.b.g.s.s.AbstractGrpcServerFactory - [configureServices,108] - Registered gRPC service: com.czdx.grpc.lib.school.StudentService, bean: testProvideGrpcServiceImpl, class: com.czdx.parkingorder.service.TestProvideGrpcServiceImpl
16:56:01.446 [main] INFO  n.d.b.g.s.s.AbstractGrpcServerFactory - [configureServices,108] - Registered gRPC service: grpc.health.v1.Health, bean: grpcHealthService, class: io.grpc.protobuf.services.HealthServiceImpl
16:56:01.447 [main] INFO  n.d.b.g.s.s.AbstractGrpcServerFactory - [configureServices,108] - Registered gRPC service: grpc.reflection.v1alpha.ServerReflection, bean: protoReflectionService, class: io.grpc.protobuf.services.ProtoReflectionService
16:56:01.449 [main] INFO  n.d.b.g.s.s.GrpcServerLifecycle - [createAndStartGrpcServer,116] - gRPC Server started, listening on address: in-process:parking-order-server, port: -1
16:56:01.467 [main] INFO  c.c.p.ParkingOrderApplicationTests - [logStarted,61] - Started ParkingOrderApplicationTests in 7.608 seconds (JVM running for 8.787)
16:56:02.334 [grpc-default-executor-0] INFO  c.c.p.s.ParkingOrderService - [createParkingOrder,1562] - 获取到请求的参数：{"carNumber":"苏T1238","carTypeCode":"XXL","entryTime":"1677110400000","exitTime":"1679734224000","orderNo":"","parkNo":"p20230221113000","passageNo":"TD004","payMethod":"1"}
16:56:04.002 [grpc-default-executor-0] INFO  c.a.d.p.DruidDataSource - [init,985] - {dataSource-1} inited
16:56:04.069 [grpc-default-executor-0] INFO  c.c.p.s.ParkingOrderService - [createParkingOrder,1582] - 未支付订单在15分钟内不会再次生成订单：PL1101074667915186176
16:56:04.161 [SpringApplicationShutdownHook] INFO  n.d.b.g.s.s.GrpcServerLifecycle - [stopAndReleaseGrpcServer,160] - Completed gRPC server shutdown
16:56:04.162 [SpringApplicationShutdownHook] INFO  n.d.b.g.s.s.GrpcServerLifecycle - [stopAndReleaseGrpcServer,160] - Completed gRPC server shutdown
16:56:04.382 [SpringApplicationShutdownHook] INFO  c.a.d.p.DruidDataSource - [close,2105] - {dataSource-1} closing ...
16:56:04.388 [SpringApplicationShutdownHook] INFO  c.a.d.p.DruidDataSource - [close,2178] - {dataSource-1} closed
16:56:38.063 [main] INFO  c.c.p.ParkingOrderApplicationTests - [logStarting,55] - Starting ParkingOrderApplicationTests using Java 17.0.5 on tangweideMacBook-Pro.local with PID 82343 (started by tangwei in /Users/tangwei/javaProject/park_server/parking-order)
16:56:38.066 [main] INFO  c.c.p.ParkingOrderApplicationTests - [logStartupProfileInfo,686] - The following 1 profile is active: "dev"
16:56:42.395 [main] INFO  n.d.b.g.c.a.GrpcClientAutoConfiguration - [shadedNettyGrpcChannelFactory,158] - Detected grpc-netty-shaded: Creating ShadedNettyChannelFactory + InProcessChannelFactory
16:56:42.675 [main] INFO  c.c.p.u.NNOpenUtil - [initConfig,94] - 初始化诺诺发票开放平台配置
16:56:42.678 [main] INFO  c.c.p.u.NNOpenUtil - [initConfig,112] - 初始化诺诺发票开放平台配置完成
16:56:43.863 [main] INFO  n.d.b.g.s.a.GrpcServerFactoryAutoConfiguration - [shadedNettyGrpcServerFactory,74] - Detected grpc-netty-shaded: Creating ShadedNettyGrpcServerFactory
16:56:43.971 [main] INFO  n.d.b.g.s.a.GrpcServerFactoryAutoConfiguration - [inProcessGrpcServerFactory,158] - 'grpc.server.in-process-name' is set: Creating InProcessGrpcServerFactory
16:56:45.233 [main] INFO  n.d.b.g.s.s.AbstractGrpcServerFactory - [configureServices,108] - Registered gRPC service: com.czdx.grpc.lib.order.MerchantOrderService, bean: merchantOrderService, class: com.czdx.parkingorder.service.MerchantOrderService
16:56:45.234 [main] INFO  n.d.b.g.s.s.AbstractGrpcServerFactory - [configureServices,108] - Registered gRPC service: com.czdx.grpc.lib.order.MonthlyOrderService, bean: monthlyOrderService, class: com.czdx.parkingorder.service.MonthlyOrderService
16:56:45.234 [main] INFO  n.d.b.g.s.s.AbstractGrpcServerFactory - [configureServices,108] - Registered gRPC service: com.czdx.grpc.lib.order.ParkingOrderService, bean: parkingOrderService, class: com.czdx.parkingorder.service.ParkingOrderService
16:56:45.234 [main] INFO  n.d.b.g.s.s.AbstractGrpcServerFactory - [configureServices,108] - Registered gRPC service: com.czdx.grpc.lib.school.StudentService, bean: testProvideGrpcServiceImpl, class: com.czdx.parkingorder.service.TestProvideGrpcServiceImpl
16:56:45.234 [main] INFO  n.d.b.g.s.s.AbstractGrpcServerFactory - [configureServices,108] - Registered gRPC service: grpc.health.v1.Health, bean: grpcHealthService, class: io.grpc.protobuf.services.HealthServiceImpl
16:56:45.234 [main] INFO  n.d.b.g.s.s.AbstractGrpcServerFactory - [configureServices,108] - Registered gRPC service: grpc.reflection.v1alpha.ServerReflection, bean: protoReflectionService, class: io.grpc.protobuf.services.ProtoReflectionService
16:56:45.310 [main] INFO  n.d.b.g.s.s.GrpcServerLifecycle - [createAndStartGrpcServer,116] - gRPC Server started, listening on address: *, port: 9088
16:56:45.312 [main] INFO  n.d.b.g.s.s.AbstractGrpcServerFactory - [configureServices,108] - Registered gRPC service: com.czdx.grpc.lib.order.MerchantOrderService, bean: merchantOrderService, class: com.czdx.parkingorder.service.MerchantOrderService
16:56:45.312 [main] INFO  n.d.b.g.s.s.AbstractGrpcServerFactory - [configureServices,108] - Registered gRPC service: com.czdx.grpc.lib.order.MonthlyOrderService, bean: monthlyOrderService, class: com.czdx.parkingorder.service.MonthlyOrderService
16:56:45.312 [main] INFO  n.d.b.g.s.s.AbstractGrpcServerFactory - [configureServices,108] - Registered gRPC service: com.czdx.grpc.lib.order.ParkingOrderService, bean: parkingOrderService, class: com.czdx.parkingorder.service.ParkingOrderService
16:56:45.312 [main] INFO  n.d.b.g.s.s.AbstractGrpcServerFactory - [configureServices,108] - Registered gRPC service: com.czdx.grpc.lib.school.StudentService, bean: testProvideGrpcServiceImpl, class: com.czdx.parkingorder.service.TestProvideGrpcServiceImpl
16:56:45.313 [main] INFO  n.d.b.g.s.s.AbstractGrpcServerFactory - [configureServices,108] - Registered gRPC service: grpc.health.v1.Health, bean: grpcHealthService, class: io.grpc.protobuf.services.HealthServiceImpl
16:56:45.313 [main] INFO  n.d.b.g.s.s.AbstractGrpcServerFactory - [configureServices,108] - Registered gRPC service: grpc.reflection.v1alpha.ServerReflection, bean: protoReflectionService, class: io.grpc.protobuf.services.ProtoReflectionService
16:56:45.314 [main] INFO  n.d.b.g.s.s.GrpcServerLifecycle - [createAndStartGrpcServer,116] - gRPC Server started, listening on address: in-process:parking-order-server, port: -1
16:56:45.330 [main] INFO  c.c.p.ParkingOrderApplicationTests - [logStarted,61] - Started ParkingOrderApplicationTests in 7.753 seconds (JVM running for 8.873)
16:56:46.148 [grpc-default-executor-0] INFO  c.c.p.s.ParkingOrderService - [createParkingOrder,1562] - 获取到请求的参数：{"carNumber":"苏T1238","carTypeCode":"XXL","entryTime":"1677110400000","exitTime":"1679734224000","orderNo":"","parkNo":"p20230221113000","passageNo":"TD004","payMethod":"1"}
16:56:47.824 [grpc-default-executor-0] INFO  c.a.d.p.DruidDataSource - [init,985] - {dataSource-1} inited
16:56:47.883 [grpc-default-executor-0] INFO  c.c.p.s.ParkingOrderService - [createParkingOrder,1582] - 未支付订单在15分钟内不会再次生成订单：PL1101074667915186176
16:56:48.333 [grpc-default-executor-0] INFO  c.c.p.s.ParkingOrderService - [createParkingOrder,1623] - 15分钟内不需要生成订单，直接响应数据：{"couponlistCount":0,"couponlistList":[],"couponlistOrBuilderList":[],"mess":"未支付订单在15分钟内不会再次生成订单","orderDetail":{"billOutTradeNo":"","carNumber":"苏T1238","carTypeCode":"XXL","coupons":"","createTime":"2023-04-27 09:17:38","discountAmount":0.0,"entryTime":"2023-02-23 08:00:00","expireTime":"1682559158000","itemListCount":0,"itemListList":[],"itemListOrBuilderList":[],"orderNo":"PL1101074667915186176","paidAmount":0.0,"parkNo":"p20230221113000","passageNo":"TD004","payAmount":0.0,"payMethod":"1","payNumber":"","payStatus":"1","payTime":"","payableAmount":1000.0,"remark":"","updateTime":"1682558258000"},"orderDetailOrBuilder":{"billOutTradeNo":"","carNumber":"苏T1238","carTypeCode":"XXL","coupons":"","createTime":"2023-04-27 09:17:38","discountAmount":0.0,"entryTime":"2023-02-23 08:00:00","expireTime":"1682559158000","itemListCount":0,"itemListList":[],"itemListOrBuilderList":[],"orderNo":"PL1101074667915186176","paidAmount":0.0,"parkNo":"p20230221113000","passageNo":"TD004","payAmount":0.0,"payMethod":"1","payNumber":"","payStatus":"1","payTime":"","payableAmount":1000.0,"remark":"","updateTime":"1682558258000"},"reasonCode":"","status":"200"}
16:56:48.471 [SpringApplicationShutdownHook] INFO  n.d.b.g.s.s.GrpcServerLifecycle - [stopAndReleaseGrpcServer,160] - Completed gRPC server shutdown
16:56:48.472 [SpringApplicationShutdownHook] INFO  n.d.b.g.s.s.GrpcServerLifecycle - [stopAndReleaseGrpcServer,160] - Completed gRPC server shutdown
16:56:49.439 [SpringApplicationShutdownHook] INFO  c.a.d.p.DruidDataSource - [close,2105] - {dataSource-1} closing ...
16:56:49.445 [SpringApplicationShutdownHook] INFO  c.a.d.p.DruidDataSource - [close,2178] - {dataSource-1} closed
